<?xml version="1.0" encoding="UTF-8"?>
<!-- Generated by org.testng.reporters.JUnitReportReporter -->
<testsuite hostname="DESKTOP-N596F8M" failures="0" tests="5" name="com.test.ViewGroupsTest" time="215.732" errors="0" timestamp="2023-03-27T11:18:58 IST" skipped="0">
  <testcase classname="com.test.ViewGroupsTest" name="viewGroupTabMenu" time="20.327"/>
  <system-out/>
  <testcase classname="com.test.ViewGroupsTest" name="viewgroupEditGroupInfo" time="18.648"/>
  <system-out/>
  <testcase classname="com.test.ViewGroupsTest" name="viewgroupUpdateGroupMember" time="97.235"/>
  <system-out/>
  <testcase classname="com.test.ViewGroupsTest" name="viewgroupUpdateGroupHead" time="35.692"/>
  <system-out/>
  <testcase classname="com.test.ViewGroupsTest" name="viewgroupAssignDeleteGroup" time="43.830"/>
  <system-out/>
</testsuite> <!-- com.test.ViewGroupsTest -->
