<?xml version="1.0" encoding="UTF-8"?>
<!-- Generated by org.testng.reporters.JUnitReportReporter -->
<testsuite hostname="DESKTOP-N596F8M" failures="0" tests="1" name="com.test.CreateMeetingTestBiWeekRep1" time="73.298" errors="0" timestamp="2023-08-30T13:09:53 IST" skipped="0">
  <testcase classname="com.test.CreateMeetingTestBiWeekRep1" name="repetitionBiWeeklyWithAllDays" time="73.298"/>
  <system-out/>
</testsuite> <!-- com.test.CreateMeetingTestBiWeekRep1 -->
