<?xml version="1.0" encoding="UTF-8"?>
<!-- Generated by org.testng.reporters.JUnitReportReporter -->
<testsuite hostname="DESKTOP-N596F8M" failures="0" tests="6" name="com.test.ViewMatterUpdateGroupsTest" time="183.171" errors="0" timestamp="2023-06-29T15:50:30 IST" skipped="0">
  <testcase classname="com.test.ViewMatterUpdateGroupsTest" name="selectGroupandUnSelectGroups" time="37.795"/>
  <system-out/>
  <testcase classname="com.test.ViewMatterUpdateGroupsTest" name="selectMultipleGroups" time="34.951"/>
  <system-out/>
  <testcase classname="com.test.ViewMatterUpdateGroupsTest" name="unSelectGroupandSelectGroups" time="36.080"/>
  <system-out/>
  <testcase classname="com.test.ViewMatterUpdateGroupsTest" name="unSelectMultipleGroups" time="24.991"/>
  <system-out/>
  <testcase classname="com.test.ViewMatterUpdateGroupsTest" name="alertMessageDisplayForClients" time="25.213"/>
  <system-out/>
  <testcase classname="com.test.ViewMatterUpdateGroupsTest" name="selectedGroupNamesareDisplay" time="24.141"/>
  <system-out/>
</testsuite> <!-- com.test.ViewMatterUpdateGroupsTest -->
