<?xml version="1.0" encoding="UTF-8"?>
<!-- Generated by org.testng.reporters.JUnitReportReporter -->
<testsuite hostname="DESKTOP-N596F8M" failures="0" tests="5" name="com.test.ViewedGroups" time="207.513" errors="0" timestamp="2023-03-18T11:14:01 IST" skipped="0">
  <testcase classname="com.test.ViewedGroups" name="viewGroupTabMenu" time="20.416"/>
  <system-out/>
  <testcase classname="com.test.ViewedGroups" name="viewgroupEditGroupInfo" time="19.057"/>
  <system-out/>
  <testcase classname="com.test.ViewedGroups" name="viewgroupUpdateGroupMember" time="99.153"/>
  <system-out/>
  <testcase classname="com.test.ViewedGroups" name="viewgroupUpdateGroupHead" time="31.806"/>
  <system-out/>
  <testcase classname="com.test.ViewedGroups" name="viewgroupAssignDeleteGroup" time="37.081"/>
  <system-out/>
</testsuite> <!-- com.test.ViewedGroups -->
