<?xml version="1.0" encoding="UTF-8"?>
<!-- Generated by org.testng.reporters.JUnitReportReporter -->
<testsuite hostname="DESKTOP-N596F8M" failures="0" tests="24" name="com.test.CreateMatterTest" time="3024.564" errors="0" timestamp="2023-05-15T17:51:15 IST" skipped="0">
  <testcase classname="com.test.CreateMatterTest" name="clientsIndividuals" time="87.499"/>
  <system-out/>
  <testcase classname="com.test.CreateMatterTest" name="clientsIndividualsWithTeamMembers" time="89.628"/>
  <system-out/>
  <testcase classname="com.test.CreateMatterTest" name="clientsIndividualsWithDocuments" time="89.751"/>
  <system-out/>
  <testcase classname="com.test.CreateMatterTest" name="clientsIndividualsWithTMandDocuments" time="101.736"/>
  <system-out/>
  <testcase classname="com.test.CreateMatterTest" name="clientsEntity" time="77.309"/>
  <system-out/>
  <testcase classname="com.test.CreateMatterTest" name="clientsEntityWithTeamMembers" time="89.732"/>
  <system-out/>
  <testcase classname="com.test.CreateMatterTest" name="clientsEntityWithDocuments" time="90.088"/>
  <system-out/>
  <testcase classname="com.test.CreateMatterTest" name="clientsEntityWithTMandDocuments" time="102.211"/>
  <system-out/>
  <testcase classname="com.test.CreateMatterTest" name="clientsIndividualsandEntity" time="77.335"/>
  <system-out/>
  <testcase classname="com.test.CreateMatterTest" name="clientsIndividualsandEntityWithTeamMembers" time="89.556"/>
  <system-out/>
  <testcase classname="com.test.CreateMatterTest" name="clientsIndividualsandEntityWithDocuments" time="89.920"/>
  <system-out/>
  <testcase classname="com.test.CreateMatterTest" name="clientsIndividualsandEntityWithTMandDocuments" time="102.205"/>
  <system-out/>
  <testcase classname="com.test.CreateMatterTest" name="clientsIndividualsandTempClients" time="147.951"/>
  <system-out/>
  <testcase classname="com.test.CreateMatterTest" name="clientsIndividualsandTempClientsWithTeamMembers" time="159.863"/>
  <system-out/>
  <testcase classname="com.test.CreateMatterTest" name="clientsIndividualsandTempClientsWithDocuments" time="160.036"/>
  <system-out/>
  <testcase classname="com.test.CreateMatterTest" name="clientsIndividualsandTempClientsWithTMandDocuments" time="172.235"/>
  <system-out/>
  <testcase classname="com.test.CreateMatterTest" name="clientsEntityandTempClients" time="148.418"/>
  <system-out/>
  <testcase classname="com.test.CreateMatterTest" name="clientsEntityandTempClientsWithTeamMembers" time="160.804"/>
  <system-out/>
  <testcase classname="com.test.CreateMatterTest" name="clientsEntityandTempClientsWithDocuments" time="161.044"/>
  <system-out/>
  <testcase classname="com.test.CreateMatterTest" name="clientsEntityandTempClientsWithTMandDocuments" time="173.460"/>
  <system-out/>
  <testcase classname="com.test.CreateMatterTest" name="clientsIndividualsandEntityandTempClients" time="148.285"/>
  <system-out/>
  <testcase classname="com.test.CreateMatterTest" name="clientsIndividualsandEntityandTempClientsWithTeamMembers" time="165.290"/>
  <system-out/>
  <testcase classname="com.test.CreateMatterTest" name="clientsIndividualsandEntityandTempClientsWithDocuments" time="163.894"/>
  <system-out/>
  <testcase classname="com.test.CreateMatterTest" name="clientsIndividualsandEntityandTempClientsWithTMandDocuments" time="176.314"/>
  <system-out/>
</testsuite> <!-- com.test.CreateMatterTest -->
