<?xml version="1.0" encoding="UTF-8"?>
<!-- Generated by org.testng.reporters.JUnitReportReporter -->
<testsuite hostname="DESKTOP-N596F8M" failures="0" tests="2" name="com.test.ViewMatterDeleteMatterTest" time="40.141" errors="0" timestamp="2023-07-30T12:54:36 IST" skipped="0">
  <testcase classname="com.test.ViewMatterDeleteMatterTest" name="deleteMatterCancelTest" time="22.922"/>
  <system-out/>
  <testcase classname="com.test.ViewMatterDeleteMatterTest" name="deleteMatterTest" time="17.219"/>
  <system-out/>
</testsuite> <!-- com.test.ViewMatterDeleteMatterTest -->
