<?xml version="1.0" encoding="UTF-8"?>
<!-- Generated by org.testng.reporters.JUnitReportReporter -->
<testsuite hostname="DESKTOP-N596F8M" failures="0" tests="1" name="com.test.LoginPageTest" time="59.716" errors="0" timestamp="2023-03-16T19:42:38 IST" skipped="0">
  <testcase classname="com.test.LoginPageTest" name="createdGroup" time="59.716"/>
  <system-out/>
</testsuite> <!-- com.test.LoginPageTest -->
