<?xml version="1.0" encoding="UTF-8"?>
<!-- Generated by org.testng.reporters.JUnitReportReporter -->
<testsuite hostname="DESKTOP-N596F8M" failures="0" tests="6" name="com.test.ViewMatterUpdateGroupsTest" time="190.279" errors="0" timestamp="2023-06-16T15:19:49 IST" skipped="0">
  <testcase classname="com.test.ViewMatterUpdateGroupsTest" name="selectGroupandUnSelectGroups" time="35.358"/>
  <system-out/>
  <testcase classname="com.test.ViewMatterUpdateGroupsTest" name="selectMultipleGroups" time="32.636"/>
  <system-out/>
  <testcase classname="com.test.ViewMatterUpdateGroupsTest" name="unSelectGroupandSelectGroups" time="36.639"/>
  <system-out/>
  <testcase classname="com.test.ViewMatterUpdateGroupsTest" name="unSelectMultipleGroups" time="28.954"/>
  <system-out/>
  <testcase classname="com.test.ViewMatterUpdateGroupsTest" name="alertMessageDisplayForClients" time="28.620"/>
  <system-out/>
  <testcase classname="com.test.ViewMatterUpdateGroupsTest" name="selectedGroupNamesareDisplay" time="28.072"/>
  <system-out/>
</testsuite> <!-- com.test.ViewMatterUpdateGroupsTest -->
