<?xml version="1.0" encoding="UTF-8"?>
<!-- Generated by org.testng.reporters.JUnitReportReporter -->
<testsuite hostname="DESKTOP-N596F8M" failures="0" tests="4" name="com.test.CreateMeetingTestWeekRep" time="536.653" errors="0" timestamp="2023-08-28T15:11:53 IST" skipped="0">
  <testcase classname="com.test.CreateMeetingTestWeekRep" name="allFieldsEntered" time="133.349"/>
  <system-out/>
  <testcase classname="com.test.CreateMeetingTestWeekRep" name="allFieldsEntered" time="133.516"/>
  <system-out/>
  <testcase classname="com.test.CreateMeetingTestWeekRep" name="allFieldsEntered" time="135.097"/>
  <system-out/>
  <testcase classname="com.test.CreateMeetingTestWeekRep" name="allFieldsEntered" time="134.691"/>
  <system-out/>
</testsuite> <!-- com.test.CreateMeetingTestWeekRep -->
