<?xml version="1.0" encoding="UTF-8"?>
<!-- Generated by org.testng.reporters.JUnitReportReporter -->
<testsuite hostname="DESKTOP-N596F8M" failures="0" tests="1" name="com.test.CreateMemberTest" time="98.635" errors="0" timestamp="2023-03-20T16:16:42 IST" skipped="0">
  <testcase classname="com.test.CreateMemberTest" name="createMemberAccountCreate" time="98.635"/>
  <system-out/>
</testsuite> <!-- com.test.CreateMemberTest -->
