<?xml version="1.0" encoding="UTF-8"?>
<!-- Generated by org.testng.reporters.JUnitReportReporter -->
<testsuite hostname="DESKTOP-N596F8M" failures="0" tests="1" name="com.test.ViewMatterEditMatterInfoTest" time="48.581" errors="0" timestamp="2023-07-31T21:44:06 IST" skipped="0">
  <testcase classname="com.test.ViewMatterEditMatterInfoTest" name="editMatterInfoMandatoryWithDescriptionCaseTypeandCourt" time="48.581"/>
  <system-out/>
</testsuite> <!-- com.test.ViewMatterEditMatterInfoTest -->
