<?xml version="1.0" encoding="UTF-8"?>
<!-- Generated by org.testng.reporters.JUnitReportReporter -->
<testsuite hostname="DESKTOP-N596F8M" failures="0" tests="4" name="com.test.ViewMatterOpenCloseMatter" time="51.808" errors="0" timestamp="2023-06-29T15:50:30 IST" skipped="0">
  <testcase classname="com.test.ViewMatterOpenCloseMatter" name="closeMatterwithCancelTest" time="13.389"/>
  <system-out/>
  <testcase classname="com.test.ViewMatterOpenCloseMatter" name="closeMattersTest" time="15.567"/>
  <system-out/>
  <testcase classname="com.test.ViewMatterOpenCloseMatter" name="reOpenMatterwithCancelTest" time="8.450"/>
  <system-out/>
  <testcase classname="com.test.ViewMatterOpenCloseMatter" name="reOpenMatterTest" time="14.402"/>
  <system-out/>
</testsuite> <!-- com.test.ViewMatterOpenCloseMatter -->
