<?xml version="1.0" encoding="UTF-8"?>
<!-- Generated by org.testng.reporters.JUnitReportReporter -->
<testsuite hostname="DESKTOP-N596F8M" failures="0" tests="5" name="com.test.ViewGroupsTest" time="57.138" errors="0" timestamp="2023-03-20T17:11:04 IST" skipped="3">
  <testcase classname="com.test.ViewGroupsTest" name="viewGroupTabMenu" time="20.727"/>
  <system-out/>
  <testcase classname="com.test.ViewGroupsTest" name="viewgroupUpdateGroupHead" time="36.411"/>
  <system-out/>
  <testcase classname="com.test.ViewGroupsTest" name="viewgroupUpdateGroupMember">
    <skipped/>
  </testcase> <!-- viewgroupUpdateGroupMember -->
  <system-out/>
  <testcase classname="com.test.ViewGroupsTest" name="viewgroupAssignDeleteGroup">
    <skipped/>
  </testcase> <!-- viewgroupAssignDeleteGroup -->
  <system-out/>
  <testcase classname="com.test.ViewGroupsTest" name="viewgroupEditGroupInfo">
    <skipped/>
  </testcase> <!-- viewgroupEditGroupInfo -->
  <system-out/>
</testsuite> <!-- com.test.ViewGroupsTest -->
