<?xml version="1.0" encoding="UTF-8"?>
<!-- Generated by org.testng.reporters.JUnitReportReporter -->
<testsuite hostname="DESKTOP-N596F8M" failures="0" tests="1" name="com.test.TestMatter" time="8.765" errors="0" timestamp="2023-08-11T16:50:28 IST" skipped="0">
  <testcase classname="com.test.TestMatter" name="allDays" time="8.765"/>
  <system-out/>
</testsuite> <!-- com.test.TestMatter -->
