<?xml version="1.0" encoding="UTF-8"?>
<!-- Generated by org.testng.reporters.JUnitReportReporter -->
<testsuite hostname="DESKTOP-N596F8M" failures="0" tests="1" name="com.test.CreateMatterTest" time="86.205" errors="0" timestamp="2023-05-04T10:37:10 IST" skipped="0">
  <testcase classname="com.test.CreateMatterTest" name="MandatoryFieldswithGroupsandClientsIndividuals" time="86.205"/>
  <system-out/>
</testsuite> <!-- com.test.CreateMatterTest -->
