<?xml version="1.0" encoding="UTF-8"?>
<!-- Generated by org.testng.reporters.JUnitReportReporter -->
<testsuite hostname="DESKTOP-N596F8M" failures="0" tests="3" name="com.test.ViewMatterViewDetailsTest1" time="36.266" errors="0" timestamp="2023-07-12T17:43:02 IST" skipped="2">
  <testcase classname="com.test.ViewMatterViewDetailsTest1" name="editMatterInfoWithViewDetails" time="36.266"/>
  <system-out/>
  <testcase classname="com.test.ViewMatterViewDetailsTest1" name="selectedNameisDisplayorNotInClients">
    <skipped/>
  </testcase> <!-- selectedNameisDisplayorNotInClients -->
  <system-out/>
  <testcase classname="com.test.ViewMatterViewDetailsTest1" name="selectedNameisDisplayorNot">
    <skipped/>
  </testcase> <!-- selectedNameisDisplayorNot -->
  <system-out/>
</testsuite> <!-- com.test.ViewMatterViewDetailsTest1 -->
