<?xml version="1.0" encoding="UTF-8"?>
<!-- Generated by org.testng.reporters.JUnitReportReporter -->
<testsuite hostname="DESKTOP-N596F8M" failures="0" tests="5" name="com.test.ViewGroupsTest" time="220.851" errors="0" timestamp="2023-03-22T15:50:54 IST" skipped="0">
  <testcase classname="com.test.ViewGroupsTest" name="viewGroupTabMenu" time="21.188"/>
  <system-out/>
  <testcase classname="com.test.ViewGroupsTest" name="viewgroupEditGroupInfo" time="19.839"/>
  <system-out/>
  <testcase classname="com.test.ViewGroupsTest" name="viewgroupUpdateGroupMember" time="98.532"/>
  <system-out/>
  <testcase classname="com.test.ViewGroupsTest" name="viewgroupUpdateGroupHead" time="36.523"/>
  <system-out/>
  <testcase classname="com.test.ViewGroupsTest" name="viewgroupAssignDeleteGroup" time="44.769"/>
  <system-out/>
</testsuite> <!-- com.test.ViewGroupsTest -->
