<?xml version="1.0" encoding="UTF-8"?>
<!-- Generated by org.testng.reporters.JUnitReportReporter -->
<testsuite hostname="DESKTOP-N596F8M" failures="0" tests="4" name="com.test.ViewMembersTest" time="65.750" errors="0" timestamp="2023-03-20T16:55:36 IST" skipped="2">
  <testcase classname="com.test.ViewMembersTest" name="restPasswords" time="43.349"/>
  <system-out/>
  <testcase classname="com.test.ViewMembersTest" name="deleteMemberAccount" time="22.401"/>
  <system-out/>
  <testcase classname="com.test.ViewMembersTest" name="viewMemberEditGroup">
    <skipped/>
  </testcase> <!-- viewMemberEditGroup -->
  <system-out/>
  <testcase classname="com.test.ViewMembersTest" name="viewMemberUpdateGroupAccess">
    <skipped/>
  </testcase> <!-- viewMemberUpdateGroupAccess -->
  <system-out/>
</testsuite> <!-- com.test.ViewMembersTest -->
