<?xml version="1.0" encoding="UTF-8"?>
<!-- Generated by org.testng.reporters.JUnitReportReporter -->
<testsuite hostname="DESKTOP-N596F8M" failures="0" tests="1" name="com.test.TestMatter" time="0.016" errors="0" timestamp="2023-06-28T14:56:22 IST" skipped="0">
  <testcase classname="com.test.TestMatter" name="resourced" time="0.016"/>
  <system-out/>
</testsuite> <!-- com.test.TestMatter -->
