<?xml version="1.0" encoding="UTF-8"?>
<!-- Generated by org.testng.reporters.JUnitReportReporter -->
<testsuite hostname="DESKTOP-N596F8M" failures="0" tests="3" name="com.test.LoginPageTest" time="100.422" errors="0" timestamp="2023-03-09T16:59:33 IST" skipped="0">
  <testcase classname="com.test.LoginPageTest" name="loginCheck" time="27.404"/>
  <system-out/>
  <testcase classname="com.test.LoginPageTest" name="createdGroup" time="30.752"/>
  <system-out/>
  <testcase classname="com.test.LoginPageTest" name="createdGroup" time="42.266"/>
  <system-out/>
</testsuite> <!-- com.test.LoginPageTest -->
