<?xml version="1.0" encoding="UTF-8"?>
<!-- Generated by org.testng.reporters.JUnitReportReporter -->
<testsuite hostname="DESKTOP-N596F8M" failures="0" tests="1" name="com.test.ViewMatterEditMatterInfoTest" time="29.228" errors="0" timestamp="2023-06-20T15:10:48 IST" skipped="0">
  <testcase classname="com.test.ViewMatterEditMatterInfoTest" name="editMatterInfoAllFieldEnteredandCancel" time="29.228"/>
  <system-out/>
</testsuite> <!-- com.test.ViewMatterEditMatterInfoTest -->
