<?xml version="1.0" encoding="UTF-8"?>
<!-- Generated by org.testng.reporters.JUnitReportReporter -->
<testsuite hostname="DESKTOP-N596F8M" failures="0" tests="1" name="com.test.ViewMatterViewDetailsTest" time="7.116" errors="0" timestamp="2023-06-21T10:22:45 IST" skipped="0">
  <testcase classname="com.test.ViewMatterViewDetailsTest" name="viewMatterPage" time="7.116"/>
  <system-out/>
</testsuite> <!-- com.test.ViewMatterViewDetailsTest -->
