<?xml version="1.0" encoding="UTF-8"?>
<!-- Generated by org.testng.reporters.JUnitReportReporter -->
<testsuite hostname="192.168.1.6" failures="0" tests="1" name="com.test.CreatedGroupTest" time="25.596" errors="0" timestamp="2023-11-15T20:36:06 IST" skipped="0">
  <testcase classname="com.test.CreatedGroupTest" name="createGroupWithCancelandAlertNo" time="25.596"/>
  <system-out/>
</testsuite> <!-- com.test.CreatedGroupTest -->
