<?xml version="1.0" encoding="UTF-8"?>
<!-- Generated by org.testng.reporters.JUnitReportReporter -->
<testsuite hostname="DESKTOP-N596F8M" failures="0" tests="4" name="com.test.ViewedGroups" time="65.311" errors="0" timestamp="2023-03-10T11:44:36 IST" skipped="2">
  <testcase classname="com.test.ViewedGroups" name="loginCheck" time="30.984"/>
  <system-out/>
  <testcase classname="com.test.ViewedGroups" name="viewgroupUpdateGroupHead" time="34.327"/>
  <system-out/>
  <testcase classname="com.test.ViewedGroups" name="viewgroupUpdateGroupMember">
    <skipped/>
  </testcase> <!-- viewgroupUpdateGroupMember -->
  <system-out/>
  <testcase classname="com.test.ViewedGroups" name="viewgroupEditGroupInfo">
    <skipped/>
  </testcase> <!-- viewgroupEditGroupInfo -->
  <system-out/>
</testsuite> <!-- com.test.ViewedGroups -->
