<?xml version="1.0" encoding="UTF-8"?>
<!-- Generated by org.testng.reporters.JUnitReportReporter -->
<testsuite hostname="DESKTOP-N596F8M" failures="0" tests="2" name="com.test.CreateMatterTest" time="161.410" errors="0" timestamp="2023-06-23T15:05:47 IST" skipped="0">
  <testcase classname="com.test.CreateMatterTest" name="clientsIndividualsandTempClients" time="82.138"/>
  <system-out/>
  <testcase classname="com.test.CreateMatterTest" name="clientsIndividualsandTempClientsWithTeamMembers" time="79.272"/>
  <system-out/>
</testsuite> <!-- com.test.CreateMatterTest -->
