<?xml version="1.0" encoding="UTF-8"?>
<!-- Generated by org.testng.reporters.JUnitReportReporter -->
<testsuite hostname="DESKTOP-N596F8M" failures="0" tests="5" name="com.test.ViewedGroups" time="206.117" errors="0" timestamp="2023-03-17T13:24:04 IST" skipped="0">
  <testcase classname="com.test.ViewedGroups" name="viewGroupTabMenu" time="20.418"/>
  <system-out/>
  <testcase classname="com.test.ViewedGroups" name="viewgroupEditGroupInfo" time="19.111"/>
  <system-out/>
  <testcase classname="com.test.ViewedGroups" name="viewgroupUpdateGroupMember" time="93.880"/>
  <system-out/>
  <testcase classname="com.test.ViewedGroups" name="viewgroupUpdateGroupHead" time="36.129"/>
  <system-out/>
  <testcase classname="com.test.ViewedGroups" name="viewgroupAssignDeleteGroup" time="36.579"/>
  <system-out/>
</testsuite> <!-- com.test.ViewedGroups -->
