<?xml version="1.0" encoding="UTF-8"?>
<!-- Generated by org.testng.reporters.JUnitReportReporter -->
<testsuite hostname="DESKTOP-N596F8M" failures="0" tests="4" name="com.test.ViewMatterOpenCloseMatter" time="39.733" errors="0" timestamp="2023-06-18T13:13:04 IST" skipped="0">
  <testcase classname="com.test.ViewMatterOpenCloseMatter" name="closeMatterwithCancelTest" time="10.406"/>
  <system-out/>
  <testcase classname="com.test.ViewMatterOpenCloseMatter" name="closeMattersTest" time="10.932"/>
  <system-out/>
  <testcase classname="com.test.ViewMatterOpenCloseMatter" name="reOpenMatterwithCancelTest" time="8.818"/>
  <system-out/>
  <testcase classname="com.test.ViewMatterOpenCloseMatter" name="reOpenMatterTest" time="9.577"/>
  <system-out/>
</testsuite> <!-- com.test.ViewMatterOpenCloseMatter -->
