<?xml version="1.0" encoding="UTF-8"?>
<!-- Generated by org.testng.reporters.JUnitReportReporter -->
<testsuite hostname="DESKTOP-N596F8M" failures="0" tests="1" name="com.test.CreateMeetingTest1" time="97.691" errors="0" timestamp="2023-08-18T19:04:29 IST" skipped="0">
  <testcase classname="com.test.CreateMeetingTest1" name="mandatoryFieldsAllAndMeetingAgendaWithAddTeamMember" time="97.691"/>
  <system-out/>
</testsuite> <!-- com.test.CreateMeetingTest1 -->
