<?xml version="1.0" encoding="UTF-8"?>
<!-- Generated by org.testng.reporters.JUnitReportReporter -->
<testsuite hostname="DESKTOP-N596F8M" failures="0" tests="3" name="com.test.Sample" time="0.077" errors="0" timestamp="2023-06-02T10:11:42 IST" skipped="0">
  <testcase classname="com.test.Sample" name="test2" time="0.016"/>
  <system-out/>
  <testcase classname="com.test.Sample" name="test3" time="0.024"/>
  <system-out/>
  <testcase classname="com.test.Sample" name="test1" time="0.037"/>
  <system-out/>
</testsuite> <!-- com.test.Sample -->
