<?xml version="1.0" encoding="UTF-8"?>
<!-- Generated by org.testng.reporters.JUnitReportReporter -->
<testsuite hostname="DESKTOP-N596F8M" failures="0" tests="2" name="com.test.ViewMatterDeleteMatterTest" time="19.963" errors="0" timestamp="2023-06-18T13:13:04 IST" skipped="0">
  <testcase classname="com.test.ViewMatterDeleteMatterTest" name="deleteMatterCancelTest" time="10.153"/>
  <system-out/>
  <testcase classname="com.test.ViewMatterDeleteMatterTest" name="deleteMatterTest" time="9.810"/>
  <system-out/>
</testsuite> <!-- com.test.ViewMatterDeleteMatterTest -->
