<?xml version="1.0" encoding="UTF-8"?>
<!-- Generated by org.testng.reporters.JUnitReportReporter -->
<testsuite hostname="DESKTOP-N596F8M" failures="0" tests="2" name="com.test.ViewMatterTest" time="102.449" errors="0" timestamp="2023-06-01T16:38:13 IST" skipped="0">
  <testcase classname="com.test.ViewMatterTest" name="editMatterInfoWithDOF" time="53.975"/>
  <system-out/>
  <testcase classname="com.test.ViewMatterTest" name="editMatterInfoWithDescription" time="48.474"/>
  <system-out/>
</testsuite> <!-- com.test.ViewMatterTest -->
