<?xml version="1.0" encoding="UTF-8"?>
<!-- Generated by org.testng.reporters.JUnitReportReporter -->
<testsuite hostname="DESKTOP-N596F8M" failures="0" tests="1" name="com.test.ViewMember" time="42.749" errors="0" timestamp="2023-03-18T11:14:01 IST" skipped="0">
  <testcase classname="com.test.ViewMember" name="viewMemberEditGroup" time="42.749"/>
  <system-out/>
</testsuite> <!-- com.test.ViewMember -->
