<?xml version="1.0" encoding="UTF-8"?>
<!-- Generated by org.testng.reporters.JUnitReportReporter -->
<testsuite hostname="DESKTOP-N596F8M" failures="0" tests="1" name="com.test.CreateMeetingTest" time="117.636" errors="0" timestamp="2023-08-26T13:14:53 IST" skipped="0">
  <testcase classname="com.test.CreateMeetingTest" name="mandatoryFieldsOnly" time="117.636"/>
  <system-out/>
</testsuite> <!-- com.test.CreateMeetingTest -->
