<?xml version="1.0" encoding="UTF-8"?>
<!-- Generated by org.testng.reporters.JUnitReportReporter -->
<testsuite hostname="DESKTOP-N596F8M" failures="0" tests="2" name="com.test.ViewMember" time="51.062" errors="0" timestamp="2023-03-20T12:51:47 IST" skipped="1">
  <testcase classname="com.test.ViewMember" name="viewMemberUpdateGroupAccess" time="51.062"/>
  <system-out/>
  <testcase classname="com.test.ViewMember" name="viewMemberEditGroup">
    <skipped/>
  </testcase> <!-- viewMemberEditGroup -->
  <system-out/>
</testsuite> <!-- com.test.ViewMember -->
