<?xml version="1.0" encoding="UTF-8"?>
<!-- Generated by org.testng.reporters.JUnitReportReporter -->
<testsuite hostname="DESKTOP-N596F8M" failures="0" tests="1" name="com.test.ViewMatterEditMatterInfoTest" time="48.936" errors="0" timestamp="2023-07-14T22:09:21 IST" skipped="0">
  <testcase classname="com.test.ViewMatterEditMatterInfoTest" name="editMatterInfoAllFieldsEntered" time="48.936"/>
  <system-out/>
</testsuite> <!-- com.test.ViewMatterEditMatterInfoTest -->
