<?xml version="1.0" encoding="UTF-8"?>
<!-- Generated by org.testng.reporters.JUnitReportReporter -->
<testsuite hostname="DESKTOP-N596F8M" failures="0" tests="1" name="com.test.ViewMatterGeneralViewDetailTest1" time="43.189" errors="0" timestamp="2023-07-25T17:02:03 IST" skipped="0">
  <testcase classname="com.test.ViewMatterGeneralViewDetailTest1" name="editMatterInfoWithTeamMembers" time="43.189"/>
  <system-out/>
</testsuite> <!-- com.test.ViewMatterGeneralViewDetailTest1 -->
