<?xml version="1.0" encoding="UTF-8"?>
<!-- Generated by org.testng.reporters.JUnitReportReporter -->
<testsuite hostname="DESKTOP-N596F8M" failures="0" tests="1" name="com.test.CreatedGroupTest" time="67.046" errors="0" timestamp="2023-03-20T16:16:42 IST" skipped="0">
  <testcase classname="com.test.CreatedGroupTest" name="createdGroup" time="67.046"/>
  <system-out/>
</testsuite> <!-- com.test.CreatedGroupTest -->
