<?xml version="1.0" encoding="UTF-8"?>
<!-- Generated by org.testng.reporters.JUnitReportReporter -->
<testsuite hostname="DESKTOP-N596F8M" failures="0" tests="2" name="com.test.ViewMatterDeleteMatterTest" time="23.534" errors="0" timestamp="2023-06-29T15:50:30 IST" skipped="0">
  <testcase classname="com.test.ViewMatterDeleteMatterTest" name="deleteMatterCancelTest" time="13.283"/>
  <system-out/>
  <testcase classname="com.test.ViewMatterDeleteMatterTest" name="deleteMatterTest" time="10.251"/>
  <system-out/>
</testsuite> <!-- com.test.ViewMatterDeleteMatterTest -->
