<?xml version="1.0" encoding="UTF-8"?>
<!-- Generated by org.testng.reporters.JUnitReportReporter -->
<testsuite hostname="DESKTOP-N596F8M" failures="0" tests="1" name="com.test.CreateMeetingTest" time="71.651" errors="0" timestamp="2023-09-04T09:54:33 IST" skipped="0">
  <testcase classname="com.test.CreateMeetingTest" name="mandatoryFieldsOnly" time="71.651"/>
  <system-out/>
</testsuite> <!-- com.test.CreateMeetingTest -->
