<?xml version="1.0" encoding="UTF-8"?>
<!-- Generated by org.testng.reporters.JUnitReportReporter -->
<testsuite hostname="DESKTOP-N596F8M" failures="0" tests="1" name="com.test.CreateMemberTest" time="96.320" errors="0" timestamp="2023-03-27T11:18:58 IST" skipped="0">
  <testcase classname="com.test.CreateMemberTest" name="createMemberAccountCreate" time="96.320"/>
  <system-out/>
</testsuite> <!-- com.test.CreateMemberTest -->
