<?xml version="1.0" encoding="UTF-8"?>
<!-- Generated by org.testng.reporters.JUnitReportReporter -->
<testsuite hostname="DESKTOP-N596F8M" failures="0" tests="4" name="com.test.ViewMembersTest" time="137.103" errors="0" timestamp="2023-03-22T15:50:54 IST" skipped="0">
  <testcase classname="com.test.ViewMembersTest" name="viewMemberEditGroup" time="50.482"/>
  <system-out/>
  <testcase classname="com.test.ViewMembersTest" name="viewMemberUpdateGroupAccess" time="33.875"/>
  <system-out/>
  <testcase classname="com.test.ViewMembersTest" name="newRestPasswords" time="26.480"/>
  <system-out/>
  <testcase classname="com.test.ViewMembersTest" name="newdeleteMemberAccount" time="26.266"/>
  <system-out/>
</testsuite> <!-- com.test.ViewMembersTest -->
