<?xml version="1.0" encoding="UTF-8"?>
<!-- Generated by org.testng.reporters.JUnitReportReporter -->
<testsuite hostname="DESKTOP-N596F8M" failures="0" tests="31" name="com.test.ViewMatterEditMatterInfoTest" time="516.635" errors="0" timestamp="2023-06-16T21:15:30 IST" skipped="0">
  <testcase classname="com.test.ViewMatterEditMatterInfoTest" name="editMatterInfoMandatoryWithDOF" time="13.962"/>
  <system-out/>
  <testcase classname="com.test.ViewMatterEditMatterInfoTest" name="editMatterInfoMandatoryWithDescription" time="14.647"/>
  <system-out/>
  <testcase classname="com.test.ViewMatterEditMatterInfoTest" name="editMatterInfoMandatoryWithCaseType" time="13.500"/>
  <system-out/>
  <testcase classname="com.test.ViewMatterEditMatterInfoTest" name="editMatterInfoMandatoryWithCourt" time="13.605"/>
  <system-out/>
  <testcase classname="com.test.ViewMatterEditMatterInfoTest" name="editMatterInfoMandatoryWithJudge" time="13.439"/>
  <system-out/>
  <testcase classname="com.test.ViewMatterEditMatterInfoTest" name="editMatterInfoMandatoryWithPriority" time="16.613"/>
  <system-out/>
  <testcase classname="com.test.ViewMatterEditMatterInfoTest" name="editMatterInfoMandatoryWithStatus" time="13.563"/>
  <system-out/>
  <testcase classname="com.test.ViewMatterEditMatterInfoTest" name="editMatterInfoMandatoryWithOpponentAdvocate" time="22.949"/>
  <system-out/>
  <testcase classname="com.test.ViewMatterEditMatterInfoTest" name="editMatterInfoMandatoryWithDOFandDescription" time="16.394"/>
  <system-out/>
  <testcase classname="com.test.ViewMatterEditMatterInfoTest" name="editMatterInfoMandatoryWithDOFandCasetype" time="16.449"/>
  <system-out/>
  <testcase classname="com.test.ViewMatterEditMatterInfoTest" name="editMatterInfoMandatoryWithDOFandCourt" time="16.436"/>
  <system-out/>
  <testcase classname="com.test.ViewMatterEditMatterInfoTest" name="editMatterInfoMandatoryWithDOFandJudge" time="16.137"/>
  <system-out/>
  <testcase classname="com.test.ViewMatterEditMatterInfoTest" name="editMatterInfoMandatoryWithDOFandPriority" time="18.906"/>
  <system-out/>
  <testcase classname="com.test.ViewMatterEditMatterInfoTest" name="editMatterInfoMandatoryWithDOFandStatus" time="15.976"/>
  <system-out/>
  <testcase classname="com.test.ViewMatterEditMatterInfoTest" name="editMatterInfoMandatoryWithDOFandOpponentAdvocates" time="25.237"/>
  <system-out/>
  <testcase classname="com.test.ViewMatterEditMatterInfoTest" name="editMatterInfoMandatoryWithDescriptionandCaseType" time="14.216"/>
  <system-out/>
  <testcase classname="com.test.ViewMatterEditMatterInfoTest" name="editMatterInfoMandatoryWithDescriptionandCourt" time="14.401"/>
  <system-out/>
  <testcase classname="com.test.ViewMatterEditMatterInfoTest" name="editMatterInfoMandatoryWithDescriptionandJudge" time="14.160"/>
  <system-out/>
  <testcase classname="com.test.ViewMatterEditMatterInfoTest" name="editMatterInfoMandatoryWithDescriptionandPriority" time="17.246"/>
  <system-out/>
  <testcase classname="com.test.ViewMatterEditMatterInfoTest" name="editMatterInfoMandatoryWithDescriptionandStatus" time="14.639"/>
  <system-out/>
  <testcase classname="com.test.ViewMatterEditMatterInfoTest" name="editMatterInfoMandatoryWithDescriptionandOpponentAdvocates" time="24.025"/>
  <system-out/>
  <testcase classname="com.test.ViewMatterEditMatterInfoTest" name="editMatterInfoMandatoryWithCaseTypeandCourt" time="14.248"/>
  <system-out/>
  <testcase classname="com.test.ViewMatterEditMatterInfoTest" name="editMatterInfoMandatoryWithCaseTypeandJudge" time="14.385"/>
  <system-out/>
  <testcase classname="com.test.ViewMatterEditMatterInfoTest" name="editMatterInfoMandatoryWithCaseTypeandPriority" time="17.041"/>
  <system-out/>
  <testcase classname="com.test.ViewMatterEditMatterInfoTest" name="editMatterInfoMandatoryWithCaseTypeandStatus" time="14.112"/>
  <system-out/>
  <testcase classname="com.test.ViewMatterEditMatterInfoTest" name="editMatterInfoMandatoryWithCaseTypeandOpponentAdvocates" time="23.505"/>
  <system-out/>
  <testcase classname="com.test.ViewMatterEditMatterInfoTest" name="editMatterInfoMandatoryWithCourtandJudge" time="14.526"/>
  <system-out/>
  <testcase classname="com.test.ViewMatterEditMatterInfoTest" name="editMatterInfoMandatoryWithCourtandPriority" time="17.333"/>
  <system-out/>
  <testcase classname="com.test.ViewMatterEditMatterInfoTest" name="editMatterInfoMandatoryWithCourtandStatus" time="14.155"/>
  <system-out/>
  <testcase classname="com.test.ViewMatterEditMatterInfoTest" name="editMatterInfoMandatoryWithCourtandOpponentAdvocates" time="23.554"/>
  <system-out/>
  <testcase classname="com.test.ViewMatterEditMatterInfoTest" name="editMatterInfoMandatoryWithJudgeandPriority" time="17.276"/>
  <system-out/>
</testsuite> <!-- com.test.ViewMatterEditMatterInfoTest -->
