<?xml version="1.0" encoding="UTF-8"?>
<!-- Generated by org.testng.reporters.JUnitReportReporter -->
<testsuite hostname="DESKTOP-N596F8M" failures="0" tests="3" name="com.test.ViewMatterViewDetailsTest" time="20.183" errors="0" timestamp="2023-07-14T22:22:09 IST" skipped="2">
  <testcase classname="com.test.ViewMatterViewDetailsTest" name="testNew" time="20.183"/>
  <system-out/>
  <testcase classname="com.test.ViewMatterViewDetailsTest" name="uploadFilesandEnableWithEditDescriptionFieldOnlyandSave">
    <skipped/>
  </testcase> <!-- uploadFilesandEnableWithEditDescriptionFieldOnlyandSave -->
  <system-out/>
  <testcase classname="com.test.ViewMatterViewDetailsTest" name="descriptionTextinViewDetails">
    <skipped/>
  </testcase> <!-- descriptionTextinViewDetails -->
  <system-out/>
</testsuite> <!-- com.test.ViewMatterViewDetailsTest -->
