<?xml version="1.0" encoding="UTF-8"?>
<!-- Generated by org.testng.reporters.JUnitReportReporter -->
<testsuite hostname="DESKTOP-N596F8M" failures="0" tests="6" name="com.test.ViewMatterUpdateGroupsTest" time="334.858" errors="0" timestamp="2023-07-30T12:54:36 IST" skipped="0">
  <testcase classname="com.test.ViewMatterUpdateGroupsTest" name="selectGroupandUnSelectGroups" time="71.966"/>
  <system-out/>
  <testcase classname="com.test.ViewMatterUpdateGroupsTest" name="selectMultipleGroups" time="67.048"/>
  <system-out/>
  <testcase classname="com.test.ViewMatterUpdateGroupsTest" name="unSelectGroupandSelectGroups" time="67.878"/>
  <system-out/>
  <testcase classname="com.test.ViewMatterUpdateGroupsTest" name="unSelectMultipleGroups" time="68.178"/>
  <system-out/>
  <testcase classname="com.test.ViewMatterUpdateGroupsTest" name="alertMessageDisplayForClients" time="31.563"/>
  <system-out/>
  <testcase classname="com.test.ViewMatterUpdateGroupsTest" name="selectedGroupNamesareDisplay" time="28.225"/>
  <system-out/>
</testsuite> <!-- com.test.ViewMatterUpdateGroupsTest -->
