<?xml version="1.0" encoding="UTF-8"?>
<!-- Generated by org.testng.reporters.JUnitReportReporter -->
<testsuite hostname="DESKTOP-N596F8M" failures="0" tests="4" name="com.test.ViewMembersTest" time="151.358" errors="0" timestamp="2023-03-27T11:18:58 IST" skipped="0">
  <testcase classname="com.test.ViewMembersTest" name="viewMemberEditGroup" time="52.316"/>
  <system-out/>
  <testcase classname="com.test.ViewMembersTest" name="viewMemberUpdateGroupAccess" time="37.348"/>
  <system-out/>
  <testcase classname="com.test.ViewMembersTest" name="newRestPasswords" time="30.872"/>
  <system-out/>
  <testcase classname="com.test.ViewMembersTest" name="newdeleteMemberAccount" time="30.822"/>
  <system-out/>
</testsuite> <!-- com.test.ViewMembersTest -->
