<?xml version="1.0" encoding="UTF-8"?>
<!-- Generated by org.testng.reporters.JUnitReportReporter -->
<testsuite hostname="DESKTOP-N596F8M" failures="0" tests="2" name="com.test.DuplicateCreateMatterTest2" time="219.957" errors="0" timestamp="2023-05-18T16:54:50 IST" skipped="0">
  <testcase classname="com.test.DuplicateCreateMatterTest2" name="allFieldsClientsIndividuals" time="115.351"/>
  <system-out/>
  <testcase classname="com.test.DuplicateCreateMatterTest2" name="fieldsClientsIndividuals" time="104.606"/>
  <system-out/>
</testsuite> <!-- com.test.DuplicateCreateMatterTest2 -->
