<?xml version="1.0" encoding="UTF-8"?>
<!-- Generated by org.testng.reporters.JUnitReportReporter -->
<testsuite hostname="DESKTOP-N596F8M" failures="0" tests="3" name="com.test.RegressionTest" time="514.347" errors="0" timestamp="2023-03-14T11:12:41 IST" skipped="0">
  <testcase classname="com.test.RegressionTest" name="regressionCreateGroups" time="239.936"/>
  <system-out/>
  <testcase classname="com.test.RegressionTest" name="loginpaged" time="31.077"/>
  <system-out/>
  <testcase classname="com.test.RegressionTest" name="regressionCreateGroups" time="243.334"/>
  <system-out/>
</testsuite> <!-- com.test.RegressionTest -->
