<?xml version="1.0" encoding="UTF-8"?>
<!-- Generated by org.testng.reporters.JUnitReportReporter -->
<testsuite hostname="DESKTOP-N596F8M" failures="0" tests="2" name="com.test.ViewMatterDeleteMatterTest" time="28.182" errors="0" timestamp="2023-06-16T13:07:26 IST" skipped="0">
  <testcase classname="com.test.ViewMatterDeleteMatterTest" name="deleteMatterCancelTest" time="16.070"/>
  <system-out/>
  <testcase classname="com.test.ViewMatterDeleteMatterTest" name="deleteMatterTest" time="12.112"/>
  <system-out/>
</testsuite> <!-- com.test.ViewMatterDeleteMatterTest -->
