<?xml version="1.0" encoding="UTF-8"?>
<!-- Generated by org.testng.reporters.JUnitReportReporter -->
<testsuite hostname="DESKTOP-N596F8M" failures="0" tests="2" name="com.test.Sample" time="113.095" errors="0" timestamp="2023-06-20T21:22:00 IST" skipped="0">
  <testcase classname="com.test.Sample" name="clientsIndividuals" time="53.446"/>
  <system-out/>
  <testcase classname="com.test.Sample" name="clientsIndividualsWithTeamMembers" time="59.649"/>
  <system-out/>
</testsuite> <!-- com.test.Sample -->
