<?xml version="1.0" encoding="UTF-8"?>
<!-- Generated by org.testng.reporters.JUnitReportReporter -->
<testsuite hostname="DESKTOP-N596F8M" failures="0" tests="1" name="com.test.CreateMeetingTestDailyRep" time="148.796" errors="0" timestamp="2023-08-26T13:52:43 IST" skipped="0">
  <testcase classname="com.test.CreateMeetingTestDailyRep" name="mandatoryFieldsWithRepetition" time="148.796"/>
  <system-out/>
</testsuite> <!-- com.test.CreateMeetingTestDailyRep -->
