<?xml version="1.0" encoding="UTF-8"?>
<!-- Generated by org.testng.reporters.JUnitReportReporter -->
<testsuite hostname="DESKTOP-N596F8M" failures="0" tests="4" name="com.test.ViewMatterOpenCloseMatter" time="53.434" errors="0" timestamp="2023-06-16T13:12:50 IST" skipped="0">
  <testcase classname="com.test.ViewMatterOpenCloseMatter" name="closeMatterwithCancelTest" time="16.158"/>
  <system-out/>
  <testcase classname="com.test.ViewMatterOpenCloseMatter" name="closeMattersTest" time="12.730"/>
  <system-out/>
  <testcase classname="com.test.ViewMatterOpenCloseMatter" name="reOpenMatterwithCancelTest" time="11.760"/>
  <system-out/>
  <testcase classname="com.test.ViewMatterOpenCloseMatter" name="reOpenMatterTest" time="12.786"/>
  <system-out/>
</testsuite> <!-- com.test.ViewMatterOpenCloseMatter -->
