<?xml version="1.0" encoding="UTF-8"?>
<!-- Generated by org.testng.reporters.JUnitReportReporter -->
<testsuite hostname="DESKTOP-N596F8M" failures="0" tests="1" name="com.test.LoggedPage" time="0.848" errors="0" timestamp="2023-03-05T20:30:45 IST" skipped="0">
  <testcase classname="com.test.LoggedPage" name="loginCheck" time="0.848"/>
  <system-out/>
</testsuite> <!-- com.test.LoggedPage -->
