<?xml version="1.0" encoding="UTF-8"?>
<!-- Generated by org.testng.reporters.JUnitReportReporter -->
<testsuite hostname="DESKTOP-N596F8M" failures="0" tests="2" name="com.test.CreateMatterTest" time="142.412" errors="0" timestamp="2023-04-10T09:40:44 IST" skipped="1">
  <testcase classname="com.test.CreateMatterTest" name="MandatoryFieldSelectNames" time="142.412"/>
  <system-out/>
  <testcase classname="com.test.CreateMatterTest" name="MandatoryFieldSelectNames">
    <skipped/>
  </testcase> <!-- MandatoryFieldSelectNames -->
  <system-out/>
</testsuite> <!-- com.test.CreateMatterTest -->
