<?xml version="1.0" encoding="UTF-8"?>
<!-- Generated by org.testng.reporters.JUnitReportReporter -->
<testsuite hostname="DESKTOP-N596F8M" failures="0" tests="1" name="com.test.ViewMatterUpdateGroupsTest" time="72.345" errors="0" timestamp="2023-07-13T17:11:59 IST" skipped="0">
  <testcase classname="com.test.ViewMatterUpdateGroupsTest" name="selectMultipleGroups" time="72.345"/>
  <system-out/>
</testsuite> <!-- com.test.ViewMatterUpdateGroupsTest -->
