<?xml version="1.0" encoding="UTF-8"?>
<!-- Generated by org.testng.reporters.JUnitReportReporter -->
<testsuite hostname="DESKTOP-N596F8M" failures="0" tests="4" name="com.test.CreateMatterTest" time="382.715" errors="0" timestamp="2023-05-09T16:51:58 IST" skipped="0">
  <testcase classname="com.test.CreateMatterTest" name="clientsIndividuals" time="77.245"/>
  <system-out/>
  <testcase classname="com.test.CreateMatterTest" name="clientsIndividualsWithTeamMembers" time="91.090"/>
  <system-out/>
  <testcase classname="com.test.CreateMatterTest" name="clientsIndividualsWithDocuments" time="97.486"/>
  <system-out/>
  <testcase classname="com.test.CreateMatterTest" name="clientsIndividualsWithTMandDocuments" time="116.894"/>
  <system-out/>
</testsuite> <!-- com.test.CreateMatterTest -->
